/vHZ67otlrA1TjlTAGVPWVrN02bDodLQnXuTDIfWYtKkhqhqok966EMDkk5yZXJQyBOtO2n0vGbCJIdRe7oCKtlerT2gyKpHEW5B6y5zDg8=:B8lka+MwXR/gtzeKePs6J2cSfEAQepfVeD+HS3g5Xi8=
z7w9Hy+YWOJJZxYLJoeDBIbMM6a5Ur8p0PYIRPrKDSN+vVfKHzaKkb40GNuO47F9bi2yeSXz3iTiMipg5KyTvw==:ZPVuS+9sX0wgNV/OfTgGG12sATJZD5tkkRdk3mxb07o=
hQG2tDQoA9jtbwIbiKFhcVVSbiI6A9wSVn3TBQcRy7d38416JCzL5ubdoIyoglgquzD5vBHL1/aIfiaXbsDI/Q==:qlHBVQuwgiD77lBiG08x+SzLQn0pmPudltMTZilC5cc=
zRltxu8yZgnePXS3yYKS50ueZfIyg6FgIeorcDiJyqRayP9BQgUxWDNG9lyYh5bettmBfFMPPUJtcdOWkmxxL9gKDim08vTBsT0cXGB1lB4=:HDCa40jS8AgyEKEcsySDvyWBkLihhjh0JBsD8AMixOc=
i2xFKW9Ozc0aowIBRf6k4lBEXZJ8EqSGdhZuQzcmT9Zb9R6zVwQCtfanurZDNFVXoIoTS+nXIx3ogMC4EkaH7A==:/Zw3Z/ZqBLQqT4LZ4QU7A6s6lUp6PTBvpUrG2xIeuTE=
j8C/YRvly1hP3boEEhrtssOXRRJ+cGiO3cykhmvN/5z/xHQTMaHaYcpeMr7rtKPsgMsiVM7qI+IMwJT7CxIVOQ==:LwBYk70WjzZqT20mAUGx8J6jNEc83uuxZIfgcqtQOQM=
vEHJDzS5mT62DrUWOvTlYm6tuQ2k/RzhgmNFNRcQ3oOiruZrn7ZJZ0PrPQyM8dAtSc4bnEeWCltj5US381cb6YtFYmwTL8+uF86QOfXCZ0sKVez36siJ4ZXkNfVQ0V6M:OwJIPIaXVJoGC151aEpY7qfB++tv5JR9lF7M27WBl/E=
JHqCKWP6bufo1hREs06aQ3+qp6Lbek205wbMkIlxQYgIXcjLRd8aWBsNnFqYYPUKlZktKlBx1nute7qGSCEKt001WKhiRdJN9crjnvRvdVO8fG8gUTT8ZWD2IMbsAseK:VHOKFGrK0mynaobxsryl7S58j9NyqoGREBCt1D2VEZ4=
AHW/f5trASX9lcWMo4CBdarXo9EJNA1UAseVorTgB6njrDBVJORsb0hFRpGPirLvpLMb46nUYgs8iwjrRaP4en6KQXmt7aWDFd4DDopr/sk=:wzHZ0r6ue5Tv4tiYNksKeNMX89vwHYplWWHodij8WkU=
HG10La33XK0BfLpGvlRlgjaFZ7sl8wjIgABhwon+pStohBtruhN0iekaBTjdNfEiCvQvFkFsYI3hmpYlzQZWyw==:5nVWA7vHaq0bDUKafjHsmqCp02rFJO6i4efgkjuuyIE=
UlZAg0RiU67AEEehWUlxPrO1El8Z1cil3p/gXGIXKDRDOen59N0TmI9TC00pPmoYo5Ur9CV6RGyl0DqXpgn6+g==:feG7FkfDmAJKaAHLSrYlbQxHVLIMGLmdwrDa9+uYgqY=
mb/AicbyxH4PaoVUj1/esQW7CcNoiPyfLATqxefxX7iqhzCXt3ml7LPBMUiNQOfa8Sd9DOw0hIR2GtZaNKrja5iS6P3XK9sfLtbBQBF8XtFtwJuWRLo9KHgJI+fJcLTw:0v6IPXI1A59V513CxjsGRGkdTJygYDQ+thU2Gh6/30A=
mUTuuagRuPQMImwXnJ+h6xkIOAwHiZttkwXDT1C1MdHYJxVSBtxNM2512DagGKK551+0kPiPeiPqVdNfrbYDkiriu0xO0e9b8JJ7cmC08rk=:/9/03mOGI0EYfurvwG4WVlLFtuYjxgxedzRLWTx45zc=
LKDZ7sXLlId/JnofIpwMiQ2HHFhJiVwekOKbxPsDJDFJ7rsTQ/MvMFFuTCJABC+WeNvwGSzkZt0lYAuKnRQeUPAT9jQmMp0rBcyGDubeJY0=:PBj9d499zpduECh2zLax5iedXpsafUsyibrKxCPr5fg=
zCqkRs426MYavwcEYp8gVUqGP4crT/dPn9/oI+I8u0qdgPbeDZvhRzhzrI/9zPLyH18ONYmDHsNbEdyy3sFpww==:b7c8NjQ/lLF8DaZvKI7tTC4eV1SBTZY0HtBItT7wwv0=
55RtaluODezmeDCH+/1dsXyVOyZyue8RNsB+iltelyN/DuU3I9/1KqQqujnK/jXU7mN4XNK13hGr1dVcgcHoVQ==:b+TQJcF3+BG2+Z5WyctWjUrXkl8k13r5E8Oa7B9Tt04=
6OYqQwWvt7HQKOthoLkUYL+sRng0i3k9e9vkfxTgOv4sxjNaMDTVIRD+tDGFw+bwukAm08vfq2VTWR+XaF6RZA==:r6STOzQDiIXR+Ht0XJKXYe/j4Y/8O6Jz5QyOrJSa+hk=
8fZGDA+Qk+P+orXLIWVrKLBwBHlLBFr4GyOdBEIdnh5DnREPZlo1FuCby3+q+IKONICTr1gtuLdiBBfLHHHnIuSx4p6iSJhjw7EyR0kdAFg=:TsrHjSgEA8dzcpatHH+UDnai2nv4FzFIayueiVDnemE=
v4a/Y+UlWaFyucG2UBaqA02IuX7+TTgXh34lf8T2jZMkxBGw2m/XQ/oYtCgPaqczT9azOMitXLNUJ7J9wY0Xpw==:A8tKNgWvoxOJZ6rym4MW2bDomHH9PwKQ0BN4B+mi984=
ZDU9TEoFO3O81uaXE/9Mn6tfVwUEI5p8HW+eZCsVSGbNimRecA9jh9LYSd1Ep+55MBUlD3sV4hqqoQJ5KH+7sc2M4z7MX8VECRQNpnbKiuc=:N/YcR2DVwKCjg7mLijrx2iaV3PAHXSj5m4GBygTG7SM=
9htx/WYgzzi7qMg3VhUvCN4WWRGOTr6h8//0atNJK5EK1qAOwwCjpRXYph1TsKaOYulp0kBEtuxF7wEKlQTJUw==:NcCw8F+WNxRUI7w0ze1C0UukDCCWkoJ0g4BXz2ee3/Y=
JtE7qrXmBIm6VDSoOeP373Y3mSLjRXVs8s7WfJ9CIWovkYQWgqaByeQN292WuQ+KwOddbovO7DN+x6ydJ17hWw==:Qo8bZRXbpnluv0cqlPDjXLo/AiMIpwM/83/h27Vnu0U=
4S7+FlJEWSxCh4le+k9AXcri6sdAO9icpVq6iVKHRJ1+UKBpgLDZhZEICrsL3evpSiMsVAPeYHsxzWXA7wKST0Iv2ln46m6rSB21VNjnY7k=:w5FoYQF0/d6Iaw9b1Nhe3+t5zKNZrILLJ+7ShygZQ3I=
uUQTUTRIICJVsklSQeb7WWz59xeToL0jt0Ji0ibnlJ0uwlJEdtTNCFTj05me6qMD5lmHIA4R5z58emnV70Wv9Q==:YzOqm29fZsinbR08gHHXeF4jfwmcHK1Yq5Sh85SY2qA=
Ql79PEzwkpxMSRWy9/hxchgKNSgkQuxKOxenazVjYYpHWTYpNhEYfEghBBeW75/JVdDs/4a6otTUYLrPrKcCsg==:ptoL1zlhcqvrCq56ydiSKctXu4EZ2UO0mbve7XgVAt8=
v+3QSypD5h8iKNqfliJjy6lpCG7KS1agjqhRF2s0cgvAH/e3svTakHf+gqkWbJvpRWbGjK7EGqAUEKr5ehhDFGulF5ig6PkSERRur8ucq6k=:fJ1x34JVQBCDUwevCEXHc7hh7m9YHbZkX40iXi+31gk=
ut4hB1md1K6y6HlpdgNBPvK5gqJcs+sb6TyUVDa42569kzhz0p6jOyBq8guahr1xNp0UwlQNl7M7y9eFDQxAYQTRtjvPdmzS+vIVfpDVoUQ=:6S3KdiueAauq5krHWnKcTu7hdItd9KgRFePV3y+o79I=
4vu5d+J7EHWqQW/HhSh8p+r1YZMpraw4vuj4JFeLdyKqglhALiuj9/grkPNc9SlnJ54K6iiRhwNZqfHiR9vbMA==:FRgeDIN2AR9QPV9fKzRZ673qb6Xe6/U6cB769Vlz+7Y=
PichdF/jlUBVpfZEyihKtqlr4MycHY7gtGGy4NSvCinJvDuGOHurmccTUkC6JDlEErjZ2OPy4r21v2onzM5KyA==:aVsNfFvWKb7A+HgN3GTvxZ1I4mvGqBK+7eSqfyq7u8I=
im6AUajiNeR8pzrL7fSBmhXaLVb+yoYQA4i9GG1//SbrnHwpMrEZR8Jn7AMIiSWGJr9f5mrV3IKLCq8krJXraYBwiGOK/vXqzY3I/XhWEL8=:X3UcNhHMJ0HzBwEQ7AE96S23G5Im8LrYYG/M/zKh870=
fBiQ+C3F+PWOqcIU/Uu2XSf2B2I6dEPQfzQIvkR2obIy4y4rLLXd+6oN92j1K7iMR47a7thMrvOnDQFO0auHWux9012j8sDkM0RmaR4cLik=:hfX9eY1wvbdDLXQM2puC57C2nypEJrfCdt3F3zwNV1A=
GEQ3Wr2Wrtu/MUX7LeVRFcTGWyr8uRtZvHvQIWDW3zVSg0sl3PRAGzywCkGLKzo5YDkDVmUi14MYTsMeOWrbCyqrpM0iJsAyD/2uUmzfQQo=:v2faYPC5ZwhQNZr3X8QCa7qeqqAVV+0MeJRhcE4zYh0=
eHhR+MfKqB2+TB4lze5MTDKszaZadCmTsFzPhuNgZWjK1r8nEz12PyghMrUr7cS0H7K7o+SNuJkuP1YoW5uybrE8dMu5HgXvR7Z+wLAL7Fs=:MdGOC+57EG1yZxXYV4La2YSxGsZCQQbsKwo6tRFDj90=
/G30gUtYxVNIUKeqC8GSROghs4IOoiEAqkTY93JA7bZ9rRw5tlpUs5ZyuU9pOOqfT6xEr/FPhD3DmNSRaGkCwg==:ZFN+yfuPbKAvjxMjWuH47PtkTKGYiI7D0tUymbIEskU=
rgJDFfTDHPnnkBT+IFmghwopu5sLdCGhrwXLatc5JhWBXMP5AxwP+F3jr8SpzYA8AKNARQMdGWWCf9s5FDIOlQ==:qZ3bE16Y0F+FBMM3UzT0ePfwaavB/Cy7d+JfXUnV5+c=
/K299aulkxVmp395Q+/njSik/PMH8lVZHuZRULzF9sVM6x6r2gq0t6MVd/SUomONZky+g1cAxfHq5KxpLwopKM0khHZsLUcMQ9St1ddPz4bLCaHPSzhib4oqCrIec2qi9GC50CNHTmBqBIKimKBEzQ==:wmatKI5c49i6Akbm6RQbf04+BoMHT/c7ZAMYjsIonPc=
cZqs0XRwySdupuPN5NbS2fyZFCTE0PWOxBQfmvXfksy6AFMqpxO+quqRn5xB6+nt/ZWjCZjjip2ZPNohD5lk5qfrqqrSbjs2bCK6EqiuD48=:lMlS3bIfMgUMuvMAq4uCWIki1a/TynJPRJ2eDZbse1U=
fgjiHiCI2B/mkOHL/GixEb4+xl2mGm7n3UoggBZNiKbngnODDOOLlYTNbeHTOJKTfIXucBco93YRi7prl5j1BtJMYbEAx3aWtZDpL8ZCQdw=:GXgfCU/6A7Jsq3V96BZb71Gt1BBQcWB3jIA/ccqSPBo=
ik/RgthiWoqR3dS4FC+3xFgMip7x+kUQQ0CRy3FBaIZ3gqkJbRwi14B5ThOljDFX+PxiGrcC1WSwage67V/iuA==:3GATrNvYg/jDtdZ+PNASaP1k5ZdVXhJpG7OKifpVfIQ=
bqyIUnP0HW29yCYz73MsIAdtnja1PP//B8+ZRkZz8WVS4EbGa93SDq5rna4hBBOPQ2pB3QvGDC5u31OnHWu5Jw==:fAQ4Q0w9+hTFcuCtc71Lyv7055dJcPLo81mw2AWMVzo=
MaGHdW1YblOdlwgPxBAnqc+Aq1QJf+Sl7+v4ycn6zVm/v2jYtMRspSqXC2FAmBK0cKOn/9iLVOSLVQ02/DO+qinR4+vS0gpprPSn4J2faGqB7pk3aG9DXj9qyjCviTyjrQ9Fmog/J1vfmbUgWO+r/A==:J+G4BAazDFkauOV82+xPZknIH5Xijx0mz9v6WQIopTM=
LPI17LT4dHIwRVA03Dw2FvwYbqKoUug4R9iiZXwNOgd8bV9SxQ6R8WrHPGknCQwJRp7MxTQz8ZDLJmIz8IuFofT/akNmQ9AyzaQS2s39gkA=:kPLGf6932dKMguUgp4hinyLYqJsYB22t1mlcYUufVwc=
iQOn2rcZUSrW8oP5gDXbF5dWSDPzu6EoSAc++bBjleeg8GVBvkNRxtdPdtYMAzhx+08wZVo7N6V6RA/p0Ey7Dn2+FpvGMWV0mf7dvOELBc0=:Wa113FsJxI7WyObj3tKlJvGDZVxon+0PNF2pqe15PjI=
OZfipqiQhRO/rV8vNpY5SzpHHsQtPJrEhENhc9BErbMDG1V+PeAu8d8EiVzXhlI4QEYf2Urlww58YG4yNZXg0A==:excIy35Mg8VtNSj13ATJO94PhmOtWgxJ8/jFxHI9NKw=
lb80ie92dvaakY/p1DLcTO+ANpfbNVQ88XokBSsjKshJVOsE8Fa8NHyGeJv8k4/8XtiSSwTyw9CcymYhy0EPyw==:V7KyWOcUIDoZxBen/On55e4G2r4PoG42BCTkGbSpERE=
V+Ktey1IetiRdrxzYEe872NgRp/bmoDz0RVXTyYPPom0aCfDkbsUcvw4HrUZeSnIbC5Kg4NrBEbW652r3u4Gtg==:EEJAhY09o6Yh8nAeNxevy1Dvq4ODsc2DNi3rCO40v6M=
E3BGfSlt0+vKao3yy8tTa/i+Ag9eU/oWUohg9O8tECf6PT1G0tepX+AdxTE3MlOmCdxHEcQV8oGN/2+yIIVBtaviAXRd6HRS8V5fyS+nY402hWq8PKnw4csFciBmIo6ONeXMtIdbayzwLmGkvG3o9g==:UC/YXm/cJ6xwV8+T9MaB3j0bkOBhQtkt+PR+5FX/P3c=
bHwGLVPxbqKpk/rAqP/Dz1tIfYQaTUQO3T4ZTllYJyGD5hcTR2pYohl328DA6uRuArCFWLW3rkiH5ry117Zk2uVpf0fhlnUtOyYGBsgG0Us=:7VSLs8iAXw7QIfOhR5lMiGcXeOJLwb6dq+sHL6ysoM8=
kToFtunn3sImcYwgweIS0RV+kDhgTSGl7/pDfHvBMXSRfWCgaS2JXtj6dsly9OG5rJITpdltn9sJw7pMiaw54qGz1qPjuRXI2xk7Lw/40lE=:/e5LVXlDIYWSMmmZBeEvwEHwkvYJPd6d6AIXbJ1OhD4=
Yx7E8uditLOgEUS3ivNY6Jn7fh5zx6XWiztmH6X2cfxTQKsBXLxO10tMLXXLKAWIy0RTgSvdfaEs4b77REIlAA==:udLQdYUz8kJtbHYmXAU9BfulwEFeHx8yf9pxolBEEOg=
XmI8ilhikuVyKtjWv+YBDJmhrcCknNGk1+WgjcavxADq897l6W0pUB0lVBC3ceQ2oBh6oFxae8TpxL0gJGPiDA==:8HUUpvKvM5/rNwNsush/AlDqOeVusdIpbwSgUjtLR+8=
GmNqcjrvi+9p7AkZnPQCPwASoz3/xMtNbUoU5hT1i07gsIo1ehFsuXGZ9LXYITOoYc/8/9bEiDduAYd6qN/+YcWXpEyjHj8oXwH61nmkQZeoD7+FXmt5xPHHeIcF5lWz:PfH8TzSH7K0uW7KVF27bUbK3JSAZxccB9GcumDFWrGI=
fVi78icR8H873ObV47i7UQc/ZmchKF6OVY0XwD7c+U8k1p/7Ci9T3PaV1TJvTtHF01ewVzn7MjxMofChETDwNSIakVBWStYcho/IWs9cpwE=:54E6LDRnm4LuhialNxjo4oQlWfJHoMNUD/0xK4EhWYQ=
02Klfmalb2+vyHGQIYweKi7EMwBR3+2jSl+7cA+wxb5C38uMomo4bisS76YuC5SXDEz2j01x+T7uSpurGA9KFg==:JhQJArd6sSP41qUaDKzZAWhiATiP3mZGSI1RDHiqogQ=
2G4Ezuag16iavp7tgZ38eIOTDh3OWr2dldI4WfgVLSSKE396Soq3NTqTaISkuymtNGNqu7Oezkgph/bxL+FlcQ==:C+m4I9CrTUF4I8fQB7k6WTUuCUG5hNoSKTlOZQ7FwdA=
lVHY2O8R9hW1tWVqKoZYdzMl6/PxppfYq3u2fZViSWuTh3kBx+Dr9GgZw6ZWUoZ7qAnz/x+atMoDswbgfU7lSH3C1LYqzzJVjRhDAjbcoZI=:Wz6XGvFiG+YvCg8ysuezx0GVcC6mZl+5vHHcWcfSwQ8=
Glb0h2xvhoCnLtl4oOOQ52//V58FAQ9otpphjfjjCPo+h3NuFWpk4UtQcr4MS9fJGOr/WLNF+W2iFJUio3Umdg==:6qxoHmuWfksYmpD7P1+18rdjqJ6rfwuLIBMjhNGxUL8=
kRVpMHJYpV4tn0g/eGcazm6tMDNmmOvVz+7/ht0TIsmmelhLV5iyqKYQ/wFz3qc413GjxWzfO2xb8d1pqBEFMA==:VWIzF55m3VASA3mXCWi612Ia1eHY1HbykU+wZ4ey6Z8=
4Bky1R3QwGZAl/1PwXuQYNzDUArE9lTcJRIA9Ul1meZjE+IK5zPHOEgyZYsTZ4BQX4efNy5oqWbjQpbPRsALVNfEu4ZQ+GFMrhRdA+8p+2mXBvLDpA8XNty3e96cRXFq:A0H5ABcOR2VP4LpQaRz3Bqek3zv6NwSEjWvUJhBItbs=
JgiXEa7lisbxpA9NKBOobQqCYzct5HBL1Xct4CjMwZPRAFb1/JtgZ1RvOuCtM65oUPkDlVjy5MwuvGpsdCR7Gu0scHZr3SuFH/sJJ+FKfNY=:FBuddvJSeGJenqXVGUCQeBrjrPF5m8V9VsIvEzeO4ko=
UxfexLV9CMSW1yOdateh3c93Qp0iADSWdccrD4gi0GgoRsArfQT75oEPnxCU4jdwQ5gJKeE9SYv2FR3AqzPMDL17puw+115l8obE1UnyFFo=:QfxQT4dGPGXdLsFbWpeWhIbH3iX5o01qxYaM4t5dXDM=
P8ewiQ4iAJJlvaJoTn7TUQrkJm3xi0cUCHCvdVKaAZ2QZWqTzaO2szUqtXHmWx9lRDHj2VWo7E1rpv+AptDrXg==:4kUW8nsN9GBIWNvCRd3CoNsMU1/QSmutFNLmGRCIWEk=
ofoohXxYwsVhqmVSNWbbSE0dnp6RX3+e7FBKozXE1YEYbmPa+I6mbSoFQtQ2uPkmz6wMu5hCLzzsfXroGF4HaIbkXoWPKHGhl9EJhaRvsS8=:Bo+qs9JetyXK8b2/Id7XxjA+V+4KcfCwLeOjnoHWs20=
bSziVy1rEXnI5fdUnJevl1l5jLeOAFBCy3Fq+01KEG+3hY63zlG9jySmgg1+HNViaePh9sujsyZLcaAgEF1mx53qlhwt8JYrKDvmlIhwmCw=:5TJqGnMNhr87XMG7HpVxiQ0HuN/7YYliavou364HjiQ=
96LLjy3PTpGePbVZERJdotF0YTWY/77xCPEprnNm6c58dV0F/z38Tt2DK5XXmNvNgQ3ULjCpO2S6LoImU3hMssduS5vOOIZlSwtXKATW6xY=:3MpNFzSFQ6HIfGxTuFfXWiRGCVynh2EGKnRUHJbdOB8=
SSqXGQSjthBoYqBoGu1Jmnlda/MIRWag9lSzT7OSQlz5iKl3h9L000pH+BmJUY6kwiWlrqV4e+xh2jGN/glgOQ==:9iDXt7uPowF8S+H9eMfUKskFVfP1jcOXX6ncfs0PRMY=
nydfz6KN7FBNCnIND7CpwGxnvukMR4GTT683no+ZmJOCbRLRGdzALF9Z4XDHTQdldtTIjukcpoYYK2SyjAFJiNZC2icAADsJQGWRXvIRjVk=:ZztcsVwmf3+tkk5Sa+Je40aXVzbL/OgbkVGRZwatK48=
BOMfRIMDi1Iv+9lDNxR2FoKHPmNonOAAMewyudxKVjOvYThfeuUJUEua4Tgq9qjQl5NhRGzZpd+SqlhQAhy7y8FiWj70yOgxLor1yke8aBE=:yUuKwLJzA4v+tYsaOdNTtnJbb4rKdNcQw2I1T8Gbd7w=
/usvo7zMULBeqov4w9txihemtIWv/Utp1nUkdoRz8UyAnwqpRJxzG7jO1TvY/6KqctEghwbWe/LOAfKmpISeB/EhP/0W2ADguxhtbxzFHIY=:uUUy7oannNmt+2JPojVIR2kKWcIz88ijn7sbMVRH/hU=
yEtisTzEtlIAYxVJChjh4tYYEQFe1i2ZmLJ7ySZEAvEh76GLqvawsWIsoGXcbWDUmKTTiRcxW/LBNF0NuqTRfg==:Di1j96m+QdwrIGrjdDfprF0rtOoGLZQ6xHduXlrFwpk=
72XRu1D+aw/izsqqGUB29F4/kH2l2QcQPV3iRgBF5C5HC0ob/og7fL3xSfk9GLXpp40nhof/Y7XhR4+oRzwZO0+Oh7KgxwqGrdTFWb+7W8I=:jhA/saashyuHQWShPyB8jTRorUz+0k4iuXTntKan1Uw=
0yTFAIpoSbE10ipy5x1+ZPcADFZSwvuC9fRS0oBmYcVBwyFwiqQgSdFJ6tcYLbJxtozNlkMhOAU03Noa/wROEXkCTr/BnOrI8QEA5JJEovc=:TrP5wunxHDFhi30o2BvFUDAfckr9pg+W8WOpx+tTwUo=
oIoQt9e0fADVe953Td73xcs6otPCUOvGxM5bQDEfMpH6hPIhpBRNr4erkWY+VLF7oLKVRX0RVZWDXkFjfCfCTxr094wvGEuwWL/kXSsKmxo=:/TtAkPCosPq6eNpYosnAvlp1cPbhJcKMuKNwPY8NfgE=
QEv6C3ndmidFRtjNDZE4WNqrpomeNdEPHmngQ1/VeXaUXYd66ZYx2K6A0SRZ3vEDHVL7uE3w1ks3kWIhlE29Dw==:uY2LL3+PvvEynHkFxtt+BYQyLOE/k4UYtQgEgDRVAOU=
vrApkpf7BHW8vR+M3rfSZl+rteZWYDSpjf1u0qQ9BND2i7KokH9YAFaRRK3/obyz66mCBxqOzP/hxgUhUlYj49gHmJcj+siHeGyW4s1Gsoo=:9GxPDchHeOVSChO4f+IQdNZl+SmRtiLeXYjj9M+MQOA=
NxMJkGgD77tifwiglmNH0wq0I1A8+dsSjSQPOXp9r2dYMJq/m3RD/BznSK8vDRxbrpxJMzaB+lCirXPL/HhKq6czncPZF6tQnB/tJnh+GBs=:PLLgqHjPTulozDxjRbcDCtdqxt5+BI5xQFpXKiXl36s=
f1qVeoH3gREpxo+7S3fkark0LaLSJQM+SjnlKO4nAP0oQumOOqYu9S2Q00xG4LxODZ6vFIGOHIopp6tpHahXWw==:x+jeSg5r3VfSXP7lagLf6x6dIoGzFEWf2Y9p7Q9LJCw=
MtyJdFzPGbsx2M3Y8/vi4U5iJLuQHvEHKEonntS5qJniUkDHXBt5O+eG6SQcgoPU0xoA3nirfyDtlIA+RwGzvg==:tZrQzvNBRLZs+vcwUOi9Nms4LBNaPFVn+jKaHKEv6HQ=
B0trFR/fmd/I//GNyPQRa5OO10scZthn8rUcqjOcp/NcWLd3F5dqK6pVfNHcCcnYrCM8HiCWZp5XMEnKUaOOyWHFi/55o7l2tFefrWhhA3I=:HGZPOD6e5K9lHsaO3LAiqPnYXWiNfY+VrVUeCWhuDo8=
HtbKXQb8jKtdLUAX/b/fNoGJLq5qEYlMEOypPnHAfjQ19eVcw207m0RQ3tHExEKSCElLQPZM9cZeIQtAgcTdnNjzjBAc2NJCaH3HbzR6zW/5i9eT63k58Takuo893PCw:I8sD9Gpzx+pUeSyyMsChKzgpq1z15sf5g+mli77C/NI=
OVx5WlYGX3adYR/d1fCoFcIiqJwQ9lWliiDhS0iWeCoPGj6fk2l45+goyDs7h55ztXf9evfuCQ3j9XKldUmMbNVg0RpUbaiOkQNvp9YMNuo=:Yfvtx7rpup3F3xBf9rrHHXS2NnRRJmF8XAIUXj9hcNs=
8ZnQmPIvf+TmGSWBhtY1uiK0ayOp7jqG0VVFYaFrMgZOdNQmTxqSf/tJLqhHJ/nv+54LNqXU3vIM4RsI13NdBU5MORwCaUqTyrrFs+uaed4=:xYZ/HvnJ4tLaKUQjsyv7AGi1lb5v6U57AZEfpRJeR04=
4Ta1oFOAdNNCUmeT9jZOamUE2RrIKTmAPD0RVLGPRZBrqVNWHnVG31/FimmFOu265GnxjfUaAQTaxwVwrn3y8jxZLEVf1roQrL/qAwHn5Zo=:Z/WsOwHTQmWAwDFuJsuEpFbmFxT3IHmNaE/1AuCByTg=
+K5jnpTplg9/ZfFXqxA5aNWY4ucF5jg+yNpjGQJf+XA2B9p2mqeruCjMd2FKcLP3IXlkQRlmyLhopr9Eeu88jg==:vUcYe3Vv7XqjMnHVOUGEt/AGEn5dXnV5laeMN6Db0MQ=
1oCG+DMSdDMnQjVvRGJsmmHOJ9WQqvpO4+HiDdQXwfXRPn70RaWTjrLlqsB7Qhf1EdlR7yGqH5N8aX09SLWX6AQ2XfpWwQ6msRPz7uhLkPiHTKOaKD27MxQ8gQQadCV6:q4kX3Em2gkSmqKrlXS2bUsgkQNU1ul8F+h/qHFN5wAE=
SKf8mLp6M+iIZSVhGcwapXc5xtG2Vhesm5djIqDrBMmMeGK6UeUazNy2aiFA7h9zaldxoCusH00NoVoSkcAoolkD+RL5rXVvqx1H7AA++7GhaTmLWwqslE/rkZvGVrf/:82Q1GiJ9vjS62yP6OV6Kr+9sbqMHZqM/ohkXLpdBCbA=
+q/ziEj01U6+wndCxbDjtjczMmNldJvQStwZQb2cQ/9MSnsu+06eojIo8nxcsYDgXOUAplTiE8RdaJT+4GL1aWR36FSGdLuoWRD8vbaRl7U=:/jrQ4KWcLnG9+XNxv/6pJe6WOL32ZCuJWcfIxNiM2P4=
5Sd/JS7GrDAbRPq30GNlglYC8dMOF/8CAAhlxdbCr+dD2IZVJMEabAtkIv7Egk1ig0fBYuEYS1jAo0bBa35Gz6hM34R5fMo9Ry28ePwQvRw=:Z+PCet1g92o9FIPbU4GepGHP0oNrok3kA/jGrOimXwM=
I+3D69UaXYZUBPkdxQgLcYCgh4V0kOSWI5+J5oRnWlAlXwDuv9YNzWSPai+hfnwS9mQM3GsN+N9n9qHkNWU+0g==:OPWPyUB1vvotaMBHOUWDd4r+QiaHH86+VwX0W4stTDE=
AffnlcyB5S48Om3oriqroNR8k/9rpHV5UgwX0ZqX8GT4Y0ZM4Tux2N239RqaB5vTtZOSjxqocxpcETpYSupH/g==:vTkGwAR1w+Hz9fKdJe99m6cnqFVMoxiYsm2rd9cQasw=
TbYQZ+BfokyLcr+bS4TTorYEZl22rauz48Tg1zhSTABsLU1r8vTSgLKarRDhYbPAHvTlGjPMbPabYYwTmvsHyVplG3vJ9lIvzNwYZC/Ixeg=:j6WZGTSyiqN5MfFQbg4zi4AjhOXFmVbg2O77Di2N9hw=
Yzdpi2RILHM5qaJSMPVu3fYrXrSNxI644W1HRGFgSuOEpsuiEfrGaWQ6gd3jeURcEQW8b/eyfix4IKpFwlBM9Zrj2zzmD/F0g4srnFeXBwA=:beoDlxTdjE6x4iQXU4YNxzGoj7CZHsoiprG26ZaZmx4=
UjSTQd7HlsfFMiBh07RNXZEcWcZZgcI3aS6Xox/lreZpL/u68kVO7QpTixC7oPczokH3T2WtR8gg48DXST1zAwVlJvhfAmEEkCeY4ou/r48=:7C0zzrPj5CdqijnCHcSRcYqKhCWO6+mDU+jcDKwVnyI=
CQIvU4uv7pymfigwKT6Cg29H4NPaPrCpUYcWkXyv/xvJZPvdcaGAj2tXCgv7VQK9nBGoUscc2KB7v6hqg7UyNw==:H63ygX03CoXgk/xfHkiAQh1OF/3R0iCe9pcsz+DCOF4=
6BXTxfpbTFaW0a6UihHmEuujbd7mDuYybxg/7BoTwKmNudj8mOgBhNZUJ9e26yqqzpiSDUhU5Pk1rSvlzjLb/QdO/J7kb4ROqWmz6jwr4so=:+lN5NSAI5azaKdPTDfXD4dfkD8sXQqTnkzlwGOk40TQ=
8K3oyg2heLnjYYzofCj+OtdEGVToLVCbrhSzxPhrIQItVLMN2ChnErvqJWxLZj35H05ziIZJf2/acw8tmLD7dnNgT5+4GomyKxUR8bcOEGU=:iw/3kBA66/VaDwAFC8HslNyqrEXNba7Jj19WDqO4wDw=
ZIR/rH2EqdAzK4hW1LRUdxesmrij4FGSaXLMX4xRCkw+ug+hHwxeYz7sAMzZubUlbW9t+pAatqca5k3NB+ZO+g==:Kb3r0Qp78j8gbOV4qeZCdFWxeifx+VUk/TbHwE4H3f4=
Jv2oiiIvYQBtqs9kbS4S9u9vmkkk9Q6te6WZfwf+NtCjFvNIXxkVWhdtSIK19UKMAOjA9LLW3pWABRmMPobX1sg88T7SkOtxJGJbPXvkBgs=:uGnagVa9XLdrq6+w2EvRqfUYs5/g/NKhyqDLNewtLBs=
Da0YyUsa7gHykngeV101BzBli6JIBr2WSRn8LLRMAXwJdA/MRWc9PQu8ujYQjpIxWz9TvzQZAOv3f0RRR4OlMmyHIRhPke9algYICao7blc=:bIUFXcYNYBYarvjFFqr1+5p3B25htu9e9CSgLn4bH0g=
FMq7h0Bi5WqIwM6FLaRJwDp0nfMTPfkAkCQ89drL11mD96dfTFvuPUJbZOemCP/lcihDSLBU83cVnj4YsqCQTA==:jyeB9GxqY7Qmv8eRty9WiyXH5ALi+bpc4yAtckDVo1Q=
B0VXTW0FFgLzoMTu1O9M1xaZxkZCFKiX762vcgr3a0yXRI7c0FH3KqBWEV9Z1BGlplI1h/y4urX0zIt6keCDT10v459VD3B3+mWgXAJovuzgSu76JxhkH4u2TmH3KMZW:eO06RAQmg9aN5Ynnmv9x+V8p+vDkkX3fzOrfdAgEMaA=
jxE8rTNS8ymi75F7cOgZcbC3q6QlE1eBtWRrOQl9jrvTa6LgI7Tv+OWsI1DKvul8hJ6KQXDXMRpau/FXES7W+dVk9y0xJZqfn6FBezccUV4=:dfehPU3VVTyvm6smttnvHVZSPsMszqy5sISwgMj4Rtw=
ZT7qKGev+Gc23GUs9KTOLjKZORkEtxTr1Wa/TJcPGJgSnWag7Wu+U/J/O23gbQZha5H1ygOmZVIksH9+x4ScGvwvGymgVBPGw4t6eEcSk3k=:0g2/RccKZZ6mnhbD2mf2XE/EKuWlhBmf2+j8OFt/CgM=
L//Coru18KOB3jzXJCIUr5f843Dw3ockbfcqzskcCB6sdbpAoTM948TwPJSA7eeLxNIGPZtDpSledrPDF2UrbA==:RcUST3EcRNhpR7Nrr8EGTZTRrAIWPlKVloKI4pNsUxg=
9HKHoEuUCu70moEoOEOaeLVLrcMnRMa4PdEpVKWG/V1DbpnddI9jLDKDE4s/Tu8qmEE0JoGh6X1NL0KpaIhOdQ==:xGY7Dedg7KQlDtETR7jKS1ja1abI4wYgwNAVpPmi2Wo=
n90r0uJe8RP1BxFXeu8MOhumVGqAfxYrmBtcI037I5LNs6ajz0XAN7etaNfixpvP0BKw8QtAJLxh0zvilpBnnPAdUe+UKln8hm3AZN9eYZg=:deuRd88Q33ux1szjMkSYg/rEsRrfKe/2wOwInHBxVYM=
aL6qUsjm5pZ/CiAuEwYrY67N1AiG2fyBZlPs3E0l4cnRuzzgxMb+Fe1UBmbYL1ELknxERyyuNTF1VaeGFr87X3uGEoNEDp7jpRkE5PfpnaU=:89HysujY8//54IzYpMgI0gSsMsc5EL0AIE0LZ5/nP0I=
ZaqQ8CKI8SYepcrhq0NZFSjipJhgqAaIbGAP5nFKBzYKAHMQ61SeAnw2LgGrkOicbo7VHVL4+tNzdvRgBmHWYw==:DNqeqyPPrdHvP49IaSv9nxBM2iLA9W48Yj1cXQkkOV8=
Q6ThCezpbva4mEhzYMAwRHpzwZbxtVNHuB/F9sHEXStqss9X6DcIctzV0KUo0Y8EaZML++jRTkBHS+REcyS2HtcQ1wFMAzV9RN9ngXJWcoQ=:TTxdTJgBf4a8gG5zpjnyWCidoWqF3+2B8QwRcqMl1uI=
VVEIpN3J/OrTmXkFOhQVqKXw5hp8Ktqm5v31HBlJrzPJC9aMdwqLTig95n+lnx5trSKo56GNLsmSu4YSzucooA==:uitDX0B99TURsmzsnUOapO0FoTNjX5zhlD94SUYTsxc=
WDsUphOjIBXvrNd0iRZkIGeeJmg2JWh4wOVLoV+weXcvNIvrCOJa/pKh3LruLOj2aWR8J/IzC2IZLfWTMZ42wrabBsEVvghYBoPyScsjfwM=:o6RRpcjC6fU5Ebxh9ssgnpo09dC7YGUfti0y7a/r3eQ=
ZD6rDZIHtSSrAnU8iDmO94RZAORGkFjvRl9TLPBEikem76cDlIUeEqbV9hCFXZw8sCvq53cSTLBi6Jo8oOBSyVlKcAPE14YnMAYuZlcMfPY=:zlxvTojo6Cf8t5e0+KkMjKpL7Rk13b3JZLMOC+x9APM=
bpGuNwGy6KegU4ZSgK6LzQjs4lNFtMcOLr9PGvhBMJkvxWrG8DbQWlfLhScVlCve5LWUzKFM70suMy41LxISxQ==:DoqunCfFCJjJzOL+LCXkvh/vGorI7PgrrdTV0cl4OP4=
VRMxXF527uQVSMd1LNCD5rPvRn30FcYq4go3CTeDlMJu3wBeQFEFfLLpJTviKDFgkEqZ60OnO1/jY3/dlrXsS5FoBvxaA0/Nx7EhfmZEtAE=:fwnYTadIHvDCFpRqd84aSTEJeBBKiq3Ipb/2fyHsmfw=
IrCOM87yqW1UVWYKS0PWSdtphABEDMD0QdRdK2v9UsBAfksdvKtI4NRFOzh3raHLsFq2P7zbDuO1UmtMHu2wPw==:euowKdogpaysm/M/hWS7pn3gxluVbpMbHHlPFDE6C+A=
DGm6UsSvoGWd7zTnzE5g3Xw9hoOMLAS9+ptRZpxT26k2oS5xZTwO/01ajaihomDQUVGCwsbE+gpr4MnZxJPspq4p2C+7dx285VCOyee1xIM=:FkWmjddOL3EbqDxGo9J6mkWjeCxeqIP8DGQz3A0hHEs=
tqVXwHn4V7y3LYc5ndCU2Etn6PeVUeSuUq1LRUSdA4F7gPj+TH411T+QxBSeBKIUXZ/Mhak2MNok3dXpl2Bc6NLflH/ohYHWMReiYlFpXCE=:+HC2EN+OVwQ2Z0wyQRJOUOZoCgLc9M0hmsGkN1kvXFc=
EZ2WyC3yHW6rYsDUPMRwdpHdWCPnaugN3hcw0c7TVoc9cb23uq8xF9a5J7KR8xr1bIe5XI+LlpAxtHMZsi5Pl6YV42Ltcv4B2usP8UO2oIg=:xLkZA6huOgKXaNQM8s/ACLMn8v/JyG0ZKPO3iVwl+aw=
lX8NabOknWHOJYv/JwKDx5bW6hHJmskTJHGM6+A4YG+vzWXokZzI6Ea+0gP+OrVkWFFH4Cwq1i6hs5fM4MVYaJX2f0cBRdtPCPYT6n6zNiE=:5NU94C4ih9DX6pNGLO/lL8O1x0VbIyuNDUfEYuoFj7o=
m0A1ZXCBDQuTOB62ufLRr+1BbZ385MjVvGCUEW1OFOqzN989rE1NQ5UTXN3y7CEzdSMLhll9GG5qhANgK9amGaA3jCUZ61UuMKFxGfgzUC8=:ZzYrnyhaFM3SElWZwg2IISJqtEOz8cFpvxbrzAbxcBQ=
kloRepOmcUQrYq2TZZfEbHoDUjNWJLxmmRbmDddtw0i//r2n6IF2dj7e/V91t9kBHQX4d5vLkGDsxqzFJnUUgR954nBcZaG9nhrLOOIzt4U=:3xK2M3hDiL6RtLO/0vmp13CQf+O3Sd+Xi5Ri2fnI++8=
yPmq4xGF3+MEZnyOAwiJPbDxgE0fN4ObeKfshHlNXjFpgchlsHTWMyEs+NZroGxEQg0xaVUQTb3nYpkpofFWBI5GcIb8X0v2rBkEfRAg0tg=:C3WuznbTr0nmq/EjTn1naxfKEJlXG5Ma3Eoh9YcqY5c=
T4UG+05JUDJFUePPs7webkC0FcFdKSDxP/htmte5VB6VA+qthT/Qh3myWnoBVkK1wetxxvBfyEo9NNQO3TdHwQ==:SRTz5jZ6ruFoUuTHdvMQK3N5Nzh9MBv0GJXDO5Cip4U=
NEot6TLX0EexNphWiIcEOvXJEq2ybFJEwGhebJUdcXlhzLxoaaSJ8lOPR7C0NMCT5fSWtC1OVa4REV6RrwzAAr6xRlI7hJ6F/OybbBZheQ5XnjcYuuJT27Yufys13iMC:rerMpwmU1KpKqwa7opELwvVRmnuqbN1cLiUj5YM0RCY=
/TXkxk6LbwSIJr+xASo/fAYQNiFK7SIxHFQMCyX8Kc2zwakX/2prY1yRmyVnOezWorYWyASz7jmaJqRrgWhQ+g==:xZky5ibXFbe1+28e4jo5bKmYZymCL9b7q/64+OXNuaE=
HF9X5s1QkmdEpN9kjYIrnTL4+V8CaZ10Brfi0SFuj/JIHUnjedWCZoljswcNu9F0SRY5CRRwwr1wE8GcrrIUaoWkVK3DpNDozpef5vSiSpM=:Psu8LiDoVJH54MONptC02WsUlBkWPXrzCCHPze5uFYA=
znZIHErDj6Wx6MMEjn72m8eLmPX0PIQUoAocGNMB7vhFJqBXYKF7dLELxAgBaIf54vBUXv2A9lMwSxevfoFZd1ocwma9Po9iPElfbnwC5BQ=:WKyUs+OfOG5PpzVNsSJViyXzzD+5REvFe3Y36alEPts=
Ra8nDfR6vP0EVho8ypayn+2+qCJbdreCMyEUiQlEMicKqrJygr/2oklZI/y7CgBkq/mSu0kjL0tzR5qyjCAShKgpzkuDRchgO+3ce6sjElU=:DFj+1OsAd/FiVN+5bHi6DHSfhxA/Epsecp23GX6gtEA=
Di/5/ARWL32s9qVtmVY8Tya3pYmA29Vfp9kupVMDJZ60VKY17ITNSNe5ka2KqsNlzSoJO+hnw8mhlTvghDFff2/YjTWbyreHYQXAKQRUCDQ=:q5+4ffG8Vftzxdf1k6LSHGE+z/pmlF3epOMH9KSEwvQ=
+QpCbaEtkb/K6IV8PqCiikGub2X/sqACRUA7n/ZYsP6M2K9GwFBY3IyhesHUyNcKLO9NdG1zRWQckpqF4dnrvg==:WUtL6RmNo/sa4jyBLhBfrU7U1PdZ5siOo1PEYCyqB5g=
sNBKGEz03Pklz2ij5puTfhyViyRLxBUSPik8I3AaoIc9PrkamAVVmHT5KSp/mUPEaHWrpGakWYzg/jlqZ5Y6yQ==:ow8coIJp3YL2PcC7sLyn8lqmrfKpttF1m9up+/+MJzg=
DECfQwfC1UprPIFjb4KVl/XeRX2nb+6DJ6oZPcsM4C6XKsTmQwHbPA7z/aKxcDsvE44J5Ahqr/win/Fcj1vXWngJl7JFyAr7s2m4DRqP230=:a3qI1cZY/+KwJOR+YbMGriO0/T9AwhwnQJ7ZgbYvQz8=
Hv5w+/vhjSw+2AvNf1iZM6nsGzmqcEToypXTUEoZHFKTj9oLMMmFDFDUIgK9bNm87CjKwXvrw+ug8N3TQAgcJwcOgvDrUURAZh+v3YV3Aus=:3Vb6QVi80xQCj1J+KdYisaGi3H89xgfXeZReaSZ5/yI=
E0Kctn8TDrmW7P9CvIyhAjHWfTvEz+5YnbH9hkRQLa8h4PY/LtL+wciqsaEO3v0RfMPov/uKmvn7ca8ytX+a6amyCsRa9py8zwOwvKoqW6g=:PsyNe7fGys+/rO98Q7iMWwU17aJAWS0K+GeXjRXiePc=
AuOOZqQTVWdm42KBXQUaI8m/QnELb/dGS98YFsFVPmIiSgO5EjkJjyeI5NZ2Jmgud8G84nZekeqVcGqf9/61RNgDHDSEDj6kVwuRMpzgPmU=:HGdh9Y9qFAgcMpIUyCyKG9R6QC+8bB93ICW2v4qgHDI=
9YEytGyZqZHA2SSC7y2ychWBNL1GQGb5gHww125RqLGugGtI47cfj3GeWcXC9dzM24ySbA2qwaAzLKmqSduYt++4TZql3sTyaL6OaFiklKs=:vbJwaUPWHBXmORdTBH4miXeVUVPYWx6JMOom5xFh5PA=
gekMhlEmHDjUx66H1qmlFBSBHTmU9uD4wm/j9SfDO+xPBMQOv/ru2Vnu6Y5PwdqrApCpXJnf5BhghBm+G3xokA==:KEFFrrSSABzwMKnhvcYLeFbUaiZRNqDqwA1NbxIlt/M=
biLGq8MZKu44hrtISDYG9lPgAF501g2XaRWJ0kccdDn74plw3GVOGeM/4UYOe8rAu67cGxywtBC9XPnMeIOU9Fpj0XZDsnrrLSX+cpDO0F0=:PhAYJqZJvChllvxA99KpM5AS9RJxWXG8X2rA7dqwps0=
oovccU2MtpTVj6PwoVyJnutd+QOuo+oHl8A9ozUZiMTdFIwpeh2qOf9iPiT5lM0wZ3fQpx6Jj76ChbBDM1Z69WwMF1OMr88Xvted0ozSCD0=:p0n9tXqrvtFz04BllvxP7QqoeBZ2DBwbXEU5OpRs3os=
8hiGzhqUGJnrFFC0pkS699pSBn4QfFkM32bsPORpvICrBssrbP+j2IcgCED5quPYZN3o7pbv03ufjm04akpk0g==:sdGJGyrBYS/GjCPMqhessR37Qm6amC8vpsEvhAA1g0k=
0KQmUqCXUjdY6VJxdzTu+HVC5WIc0np2vJJLX5WwSmt6DvXfkP9xh9F81PrfZnqs8suC2aFLBGxaecJQ+ZokDRgUYI+TV+L5n4vreewXrBOG/EJE81wwJp7RC7d91Gqb:qtSCyf/Ax4yO1A4WmW1DZjG6Vki6i8S3B7idMYKNtmM=
9BpjjCBMwSkdr8LkItNrXCiCEnhOn4SUQESatWH1VuT3ecqlpsFXchLnIyHLCKyWn4icWQQFeRxV5ZYaXsWEJ4Ud7Zwwpl4pmgfu+XAXioJ/UwiDxoTff7KirGjaQBu4:WGaoCrDCK6qVzHVqNpt0NP+xtedhIXcIVIgC80UH3ss=
otb9sG5znm6xD70e0pYLhQH2JS7biS9tQ10mZMxaPo2k2gRQSQR7Y785QYcwoeX4Zpv30JjQcN1Gahk2RdLEGw795Ri+dNzyRvBmbUzHRuk=:W9ZEJOtKcN/TxMOylvQB148qwJtInhrWPn24iJ4LsIk=
PtNbIzdvZBksqZtog3LblQxfB2FtKL0CYV+/WdJZL4GR+3+xHtxxArybJs6QqYGO052Db+6pOB4uiyxBQpOI/dPsjpkEOKM0oqW8c6uSLDs=:lNPGJ9QHt3Vn193pd2iI5L7tx8kxkA7IJi7JBdsOV5Q=
tFx5IygPVryltW5XDVuY51wYn2+KSwpDMa53zS+QpVW9Y6h1V+4l2ekRBXoFcjpGbuoTtziaAgwIWF0TylYGVihXLenDrsy9F1SzlPmigTU=:UFdBcHiP1JdZwSkEj1bM5DC+dAim4rAyXaDLe9O1aAY=
YDm7sFjn6rLbdHcJsbLqw6IJ33vC5NdZGdwBMJTwdR70ekIFRxnHkAjp/4MyPxJe5FfMCflYa5xXgCD5x+OYNmvxOrjjszdUzWWtR+Bx2H0=:zy4+Lk8hMY1+de0mezFlTYR4Kdni9Irw17WeWMQXgTc=
uZP/wbtt8iGsF8NZnkDDHtCoKC8mRkSccIVW7CNwFiQEojKMeSTJbnxy822KAGPOplXQ/2dTQ0vZLkAqjXb9uj+aY/tS4H0xH1kbzY2wBv0=:djj5GOHN8Cx0zS3tJdZNCFDC5SQ94zNtVS3RDRksBGs=
QqT3B/KV7XjbVVAKPXkMKQf4SxzZ6/PpfNDv9p2ld1fQbbA5yVOtVBV5Sag+BjJO3Lqt9+P8dbYeNuJPeQhmp7oe8yosKl74zl0ssQhB/gc=:AJ/iCZuBcw8IhFvAT1fG9foPwmZqy3Vo3ysp42cd4ek=
QdcskLZ2VzFjZ8wllBi/hvKaM1g/VqvPoEBkGO5Ucov46k7VcFQc0OSpSCdzENnHokKOU9ha9aL/paGAsFrK/a7UzBha5yYYaFEHMp7ARcs=:n8NxRrrhm1ScpPxx3yH6jFt39nGEkFcO2VISIAx+aM4=
fi+OTIRBXuDUXjxT/DOuaUJToF8FtmnK7wygmkeQuoOHuVsQnqsLRhpN0Qvw+DpkIMNSDFD5adiihG1/7RFCLbMKvliYUNPzaC4SMEsT2zw=:SjCC7SPfEwE8veMD76cb2uDY02N3iwcEds7le6nixko=
9TY3O+iLL5xTmDbI5tDIGR/+zlUk0EiqrRXqunSA/nUjWZmLx1SRqkfycSnSN2vhMzA8dihS+7KuWUYHYMydrQ==:xuABSDuIyO4hYJzzkm0R7vv753O+BRdyyljCjp1ygBk=
GEY3L5xCfpZ6wj+nR13xq20oAACfvTGg1Vj1SK1/s3l47WNqdlXbxzOjEkcU8YFu3U0SXTqHUqOtxkgExGsn5fJxVVf9Vi/BKMXX/P5+STc=:Oi/e2TBWYwKFGifJhGVrnqmzD4zzAKw6IFDc1MoilUM=
bpT9aGPnM/QCFa8Pi36xcACYPtQrgPNlIdYYVh6CrRvjCRgYtKAx2woqGN0BuJA0mybMuPYrsmXmiuu/qtnIi5sdxnPv93svmEpZueKA96Y=:XRNze3iFs5TbdtT9uraJLd8rwLja9SOxRW8xYInNiKI=
pagCzveuPROZvH9vct/AOII6LHVGHiJT2h9b4p96QEQ1ZZzXd/KuF4RLtjwBT1uvHkXzGTk5TCUATdket3RtJw==:oI/Xpl6Rdn0gzzcF02gndbus/xl2Zm6ul/ZiVHaLyhs=
1pC0x7y0ss7VJROBHnzGTaa+TNtygtH+aJDK8YS8ZpSFWu6V1XytkLkqqQ+u3Ml6Jz0KtLQkHpCYPe6nb7H9xOAbFQBOZhsYG4aZaMP2ngnH7yRpFi96H/PEK/3/eyhh:DOl8/dDHmnC4CifNjxW/g4hflfgz4L4xdJ23K04Uur8=
OfwFGppUcTUmlZismEuVuqbvYnuTnd8RK/igHwMSo44Xq7dWFa8WZXYqxfVwNqBJjyrTUA5EbqZFFtRE2Zttdpb5QS8XEFovlqune3/eGHc=:pD+3gCe8Yu7H3L+8BnLYkeApRXS+OkQC3tPj/lK0Jzg=
9jeBPmOh0NpovzDn7c3yb8kB/9T6rWmKVyynbkLejP8MpVj72f2GauOYGasN6AYc5T0xKty7QKauoUCd3vCp4D08VDADRYxLk49Q89uByCk=:pOAS/tfHYV/Fu3ax54WbbtGBmI6eHE8O0aKMs39KPDc=
3GYk8Zlw4bcpVos1Qz5LweNT+x4HidC/R6TG/B1/3pnWyn2ezF9//5QjlSGGxtKXkXrnjep9tuhJ6Aar5vfDbdBYRdGwI+Ofzo2wEAEkYq4=:RS1V/AzSlucN0E2WX2pI2JaGQf2cnjNNjsYvOkl8w9g=
LHC1UVvWZwiPpLHEGBDwMLJr+TNd11vSxaCp1LhkABlqc9NObeWdmXjQRWDbO8oTbqS0ryPFRC7W9+xkI+O+ZvbPl3ZwF48xd/MApzlukv0=:qSWAGRUJv3HgGumX5WCIb8oR5jsd7ehEjcHbsggX0gA=
+y4wfe9ukeK5cyDOQCbSwkaaJunl84Z9Wmevvz5fv6z59rprb96UQg0tQDn0G8g7KFEJ1Y7ZEPTayLxGFlZOgwXsF5/sApSnQkQBfRR7qrQ=:2EQwg8ps/NFTv/iWRgOryFeZ48o20ZigQaf1iIRmHIw=
ZCF+jov1PlQJv7KLwke/RRmv9XRBz6k0P8PNPts68GAxT/jtDUMW9HYvkGr+vORzo/hV09r2Ojbwenh/o8A9tw==:R6xrosBS/VK46bogHL/Yp+jWPrC2wAFtA9cmSA5oGpc=
aU8iOm6zF00FvKYcIBcNmZLcb2B61aEtZqcnjpgP/+aDySa5oP2+MpXmNwct3zqIRugLbj1ggKXo27kaj464Rw==:ZVGVaX9FHmf6HnnRd47PcFQHhtbPd2e1qZ7gxD1PVxc=
/McNnNW+ZFPQostCTJ5QK8rZBDe6ovUV/vW0+cPqWlQJV7UD3GaZSPmEYdvgBcd1pQ8ypc/iSulpFFVEyiAs1Q==:jzidWj/SXw+xgc2whRFKWs1lN7v+hYABfyuMcNkKxg0=
rP7vUcln0ayTvNe6xN/KAvCq1dKjW4WCj2kfhzye506cvhoNPRBtu+fffxi2y23Sv9G4XSiTxgHTbTfZYrsH6ntB+/UooxOIGd9ZeJPK9bU=:TPnMjE38odgY1E6C+IdpJ6qwo2tx1pV9IGGgomd+HI0=
+MxZ0vVDxsDuM4nAalmSDt1S9S/l5zQwFQGHRqBL8LP8SskfVP0o9ig7LsNaACK9YmSyxmTsuu9nc+W/e3egmg==:rlU51Wem4bWlPKa8NJh4pwDeqNIyBLuqavzmT/U4KyM=
vPfAQ8bzlVLSzsQk/baVK6zBNpf6Xh98I7d5zg5/QUHFS7LR1c2vv2SHTSk4H8jb6OcEcI2J8/kdhxBK3nkJpueCPHsXvhCkDxy4hKWwnX03k4uU0uMvCMlmwFsKqnAL:0MpZ4RTso8Fo0vM4KZyieWzu4Whe8UYs7Dtds+3LE+Y=
5DIdmP93y4QepstJT5nhDugc2jiCbDf/bVUYfocIqeG1wBp2EsYuHCNx4i03AYl8AtSnTHoKdwXop5DQpjzlytQoNK+enjGSzkW4eag+J3Y=:2whaRm/LYbXZp9PJ3zjQR+qGfZQTY6Br7gNVvV/kMvc=
I6nbLqlbkG9Aua+Ra3zdIfUvk7y508IKBpG59Anf2YksZ2ae/Tk8dwJ9G3+Qz7GIHCDSc9UhJJ224zm/kYOHilZe5RLY98yTt2NhPRzRxyw=:STTuL7axFT00Rghibi7rd/GLVH/8Lnyi7vlKvLLxuxk=
s7yVpovYv5l1NYBpqMN9YnuE4WSWN9LpZz4s8FPCdM/+UjQWKjtrQE5olkOZ3oSdb6Ej8ofFLI3QTK3swGU4Hw==:27z3TW/wl+DjDrSaXUvr66RzzqhFmb2BpggP29J49Sw=
gI1ha+p5eqPDGx0sDxwDeQ0A4GbacDJhoueEhqAw6bA2A0ej27AJ2eqDEWmDP3hw6uzPRVr+TFUGyJbhuEkSAg==:vB1VBaMY4Rro5IrbKWye4koUvlLvO0zZdJG3/Ng1mP8=
2sPb1oLPSrjEyb9vDAkmlf17mAvbeeWSOBXNwvlrGJ6GaBOYUIqQtxBP90vyXTnvCq5IuYyf82ohr38I2u8qtVKmZfVzozIWLdrVGbYHbQ9vJlWZeRbsltIIuNJwPm2I:yqp0DCrb2yJBEwN7YJ18AFk69uLp9+kBb47AY0moLtI=
ehgOBOAGIrjKYNPnyV4AdiYjQj/ktWeayVsn3BPMozxBtelW+YJcq/lUAL05jtsM9XK7z5cAVkeP0AISLS9pmQ1H7Jv16GiHWDQYXCAGpoCcOt/kmzZ/U3THdluMC5D0:OmFS+LSJW98pAB1aKLdUABwiaoxLVtBVRn9R8i24Oak=
m81kSZe7IlfpBQto4aF4JWnYI7KTu+9XsuFFUib+EWfRxqG0gQ3KwJKqQzNv+FN76ouDbPaiJ8hlBZNOx5whoWBhJR1iLC2OoFcHNrs3t8k=:KlctBaLmpIH4vFcbDU+98bK7LahReekOmTL3OiC4yo4=
ziWDZ6kGtac8xWUJZ802A8qnIWWvTK7y/NXoAkZ9CNcXeTj7CwT4WqLC0KlJ5OZr/vriHPAfX8FvWQU/oJftO6Dry0Hal+a7frwCyve/U8o=:k1GqRVZhTBQSo0Wcm+EiWAHOqeWByXeR6LU1YL+8/pE=
x3Vk+i67tMrgD3KM3n0TxEGOzG9RGVyC020TMlbEBPPRYWtx/V+rjX3mLkVev/SsK9R8zG8M7aDvmxoODfumtw==:Oy1+vPug8sYhQdqpJPo4pXjilLbr3hrbZ9/WL3uvimk=
pBmLm+EYrrG5dvjmFZ+TE7eayTZBGoFU1AelAoyD3qnrvTmVuTVaojGR8bKrCwbP2ZqEkmQaoRpUoQ4E+gvwHTsMNjVlvkWpnBfV57vh9jM=:P/JHzrXbbicM9qfB8iHwdQ1GtGu/oBcNpw8Q5DkYC0g=
5SI/jOd1CWE2zh5j/EoyI7CH2sB57sHlnL6JZ2Gj2YE5uYi3zK0uwwi0FBsr/6ZzM7lprXixwjuL9HmSyz3gm4VaXTDGgqADNXgtGPXt+PE=:cC44WGxiiHEdTX+esqjT5nMZGQYxb13hvzUNgIns9RA=
Wr8QHpbxFheIDQAbihWaP+9hBxy6odG+7l9wNc86VU5pWQTup1tDInYX9JuUkE67N5lZXhxDiJy0Av/c1CofrA==:pYl40sZP+WXLpxkmBot8+z/SLYIkhLBSrptXNJLk40c=
B4Wqn0Ml6Qtsa1YmzoXpechEJ93jxRPSlGu96JeMPiL6I0SOmssGsH9JjjPIsI6BhHXvXy5utl6iQbVKNvpJcdrh7tyFFmZ5yhzbBWondBE=:bIoxEJL82X2hAWDKnyKlL6urFc6WzEhNR/LoLacxmLc=
7/mIQ47ewMW0AROSaz4wDc1Kj5tjYfQSL2GxZTFFtGK1m+02wsaCwPDkRB+Szp1M8GfhT9wsP4/1v1wrAebq1fW/0Sy33h/FABq11I7yCZ0=:wT/0bbDNjxmFGEUSWEvwQGu7lm7WdXuwWZwIojiepJU=
C0W3eYsidPrsRzfybdSWEC+zy79MHx0zJcSArE/WstA3PsOdFPZGXSJCFGmBU3Ho9hiS8a/avIc2sCtL9Aq5So08EzRymjRLbgK/CH2li34=:4uRUQ03zgwks9PMp0174Go1LUnqPr8CH52nHahA2nEk=
DCOEUtykvWi65mE3hSU+ZGLmizr2vuyeUChF6ulJpLn2QBl9drm3NLrAPiyZ4G3CWouN5FgsXIzbuBrhy35Gm8psKEi7vNKd8Oy/8j61Koo=:V/lhXmjbOUjQs6sB1xbBzhsNa5AGOLfOi7h8v5ZfpTU=
3WWbg+ZyeLrL++IkYXTWsQYhTd2LKibP1+HhC7NB/Bs2+KGKcJcINPAtVgQfzKjBRy4e/QilW6EdrKf48lueAg==:H6MsB41plU92KKB9edpSYxdXKCIbh8BqJWRo+LRKy3w=
181r0g5BPw7gvctv2Dm+tcbBqgwt18gxsHpljFTGWK4KV/qquXHBJXbnrfSC/6cBZAtc+Nc+cOAsU5gdraeTMA==:+pg0PJdRcKWmVkQXgRl7AcysE+tHtamx+Qn9JH3DEAc=
QQ0p3KOgg0Eruoh2MLrf4AT/DWR9rPge84YFsj3qezCayhI0vgVo9irnPzbSQAKbeI/db88fv99VkMvuDjgFlDvyDMfV16ZMuq6513YoFeoatAuTE6mvw68TIxcmpsI9:AxUN/z8sfFJx0Bn7APGs3C963GlskcijHD8irlcqeE4=
QBZBgH6Lc2Hxxf5i3H6O+/G+B+GtxjSMG7ueEk0+WPfOBbmaC1NMTMN5WeaiG9Jio1JeNej8hMfwTWuu8FgO1g==:mkKvH4R7zqdUWmpdc2v9eSu0r2u5gXv3G6Iac5gFZeY=
GZ6iSl5x1gXsJsxBWq6AlSqzVziEC8ASrhiLnGCEMH7CBsZzPi/aEMnDzHRJan5Vl0dtG0EsU+kQ0fKIIbkcVw==:xFLaNi9qJw/BiylWb+79ouqLdPSVRSOyKmZX5vexUi8=
ZACtpNhV3xwn6bz/B2SRs6o8KQ70qmwDWMo+bECPdtXOTwnSU3OqS/KF0ASwBqFC2Knir0DDEle6Cj5oG//MdIv+eGsiYF8+HnLG25nXBR3NU39oOxXlVqjwl6MztEcc:4JvFLZxMWIWrxZ/D1+10ul2ta2nSORCXchkp4FQLQ/w=
TDyiv+/zkDVqrPSyOcWE+Ug/fh17YigPEcSo0LfB7HYQhBvmPnHloNj3993WrXP8H92izIJRJahTNHjifw+pPk6LJx1SS9aTafjMK6wDkU4=:eZFuQQuelG1gThRvIrtEZl+iaRcXyGYZWcM6bnVXE50=
WpdMFL67mGoCOnoMIJjdWxzE2WCvZx8Wcc1SqvDHSCN9/cLmwngC4xOR9k5gubbNf6DkAI6YaP+b2jhSJy4KkxMbHDEurx3eSTHnNQ/jOac=:ei7P/aNWVueHX2v7K3va/KD8+K1hZxQHB4mC4glpbec=
qSBcd6oRuKZ95MOZjFunF3UEB7hEvXogJDl9GMqyEpxAZS74vTIZE8cbNOfAuTbgQp/6kNf+NxDjVBQF/AUw6w==:oXGFB/8a+V4H8BfNrDrZv8g8eTuM+8i2lIuiDlaYpqU=
4wjnfkg6Nr/aN8kL3AcaBSsbMB5AMoT1uZmazvXlZ/ny2NWKKBONCLOTQCplSRDIF45bnw0vLoYIdrnPEzB/TA==:lQ70pE4NkmLMfHgedkJUw/6mjeLt1HVOpmA9pSvADkY=
PpV9WuWoPjnkAMHdfHEiwrpI4rW1nIdJz2MWPvp1AA+XJLTdSCvENA1eXwVoSyGhCZd31hsMWcjJM+DJaYTk6mbIpeSjYK5K3eHQmcmwUJOn5yg0Ss/X5/updD9QOUFW:zYqHfLY+7o53cb4/k45SC/m9u+yHgik2rB0DT6aE7H4=
DPCN4z0LnYTVG45xe4Sqb1/Y5ntC83r/1pnyE2sqtbKeBs+7CSqQNwiqf/sPBJZzpUfvAQNI+FKDWzyd9McBE0zUbDODqhUT4Mk3LkN5d5M=:VY4ZyLp3Idxl3SnS0gE3bPNG4brJorGOXW5+T4KzFdM=
JdxzE8hyA2MnNc7GDGo51xJ/8DM/2KHc2a+opwyv4ZpB4h6Ox8czrSLWU9vi7et62FXLg8Yj/8LZjklsb/Q+RXa/ePjUlAh/Kl3Dd88lMvE=:Lrt1CsgHDne5cT+FuUdQFFbpyDtcNwoU9xdznB4EdI8=
E1pYcn/3oBXMto9dEka0JlmcESSzDUriX2JCuZ56ja+haZ+imhi/xiqS2rsLtWYeLteGoZwP2i5/A2c4AiVuOw==:Egf/DZ3Bfs6s4FAeesFx9xCJGoVACzZxd8iuTiNqf/A=
m+FmJquq+2h1RQ8bgv+EOwoqyC9+UcuPDH/ukJVmdX5vB9LKhdVGJMGI1xQutvL9vLqNlMTZoMEgdQwysxiNcfshLWoGtLlZFSH1mJ5wY6U=:xyuxdseMY8ia+4PKTscpr7VgkOtXin93BrfSIzfba5Y=
lT5zWynNtWNLchjvJOzQ1YGyHV2WjG7L+HcFdIhlN3zkVVvtJ7mdeHO7Db9IpoS0LFj41Liy0GWeZhSdozO2xV/Fg+h4anHQiJRAXIjggvc=:OFQmUqY6jEbqViRA/EuVTq3h/2N68Gl+pDcs661FyhA=
8qCrJ140UhcEtt619Me5xHJB2IvZTs3tb1k/nu+yNp6Q0KdyqHgh/FfYsza+mE0sMcoXEy9F10wWZt+//2/PGQ==:GIEdATdy1moY54nv/tYLe1HM8KVcoHxcpDn0K06pnBs=
QBUk9W3wwTryM3AaYQ/NlgBLJa89ypxIBVK43XXP1TY09LK9jzp7218qZXuqeKptfvxJa4JP/zlTtVr4Mk1KNw==:rY2VDBhypck6tTcHHYnCmHfmjiZ3Wjd5Nh4z2zQ/Rpw=
eCDkPtQxukHEIbVpb12AvI6EiAliSAy49D21SqKsMe7r4z6SZq+5ZZIN2jhOXeEyRjaWIghbyAV/ohZsgKFiLnhwlY+3rHyGag/AuQV/mjA=:KaEAuuzlVommfL/5ywcaNlxWHzxVR48MP+NcYC6dh7w=
NvaaQEan8flacVT3pGdOpEEoLp9s5VJkEl3abNMkRkmWunj1XMeOFQ4LDuGBUByvyYCghFRh69x8q9sYs5FFPg==:pteH4zyWUj3PNnvoJ+/fmBwJDNMw3//abF1VmQNdDnE=
PnRDsAaZBdIWXKtlzDZ5Uls9K1i4/YUlUgInpWIfAzL4crEIpp5jwV2VNPFc67P0WnvUmlg6WRTsquykK28PPoW4GV/mi4o/zRkSCg4i9mU=:tiHra6PU1Snf/rbjDQopMWlRkc1/lH/RUEQdmjfv0YQ=
IIsRIfeGOm+aryuqHaQTHtPWIVmPJdHZXBCEuR2dS2PEqnXDAdugbViMOyKZqO/9pedpDSne7VzJTc4nlmXXEe9zh1UOF+nWmlHYJkQlK/M=:B4CiT7SycM0BKQTHA4JloAYEASf5V8WY/TOhmCf/WEM=
1hH0GGR101IYplXOM2xcmUgOvlha42NgxFtebYg6A6av0jh3yFjDN98XhLLRNGQTW+AQXLZrHNQgt1b8RXO9ToLOZcWS+PoQRZV+Q1ctmeo=:lB9rmEvc3qTGwjL1s0mtYVH8sC7MMwcr5K0qMIQ6tA8=
5jqovFrnx0gSytcghYUbJJ44+8U7Q3Txn9A03tK3Fj2cvMoffv59kKYbNHh6OFnuTSVX2U2SpaNQXHAonhA3BA==:W4wtaTbPB6ShDOQmXNnJIW2ys+Ocz2I0VmI/3O17Smg=
uzClQ/itxr1xXwglLevIHcJ8O0AjOUc+XI3ocbokc9+2lhlSgwnGgEbFgbf89fGha78xyDuzWF1+jNQgaQ7s6w==:0k8KD00W7RJp2AN+QuRx+moZ1n8o3gB4diu3AR3khpU=
1DGbaOJTtL4jbY2x7ouOJ2GGyDofeoZxzmw56p9rhZfHgt1RK3IYI2y0K77YrTLLZzyvivzLJoKtX7XfYL9KAMi5hNIh8lYIpEBHnazl2HXaS2g8N3u6z+/5Qfo6glx6:qVhlAxXlB6CtNVoa2UVWrOlYcH4ZCuM+SPJeK2xTzZ8=
XWroMswNtoUlAJ/SNc31wNNW3Yj+LNZSBiXu6q80wKlvp8kEkNmyxBvOcPTEIF8YYZt3v3LJplwu18tflH8YsA==:IiKPE3x0yNXEhbz1yHGpzSoqdYrKLDlB3T8YsbsrQ3g=
